<?xml version="1.0" encoding="UTF-8"?>
<!-- Generated by org.testng.reporters.JUnitReportReporter -->
<testsuite skipped="0" hostname="LAPTOP-B3JD0QS2" name="org.example.TestSuite" tests="4" failures="0" timestamp="2022-01-15T16:30:59 GMT" time="62.246" errors="0">
  <testcase name="toVerifyRegisterUserShouldBeAbleToReferAProductToFriend" time="24.255" classname="org.example.TestSuite"/>
  <system-out/>
  <testcase name="toVerifyUserShouldBeAbleToNavigateToDesktopPage" time="10.396" classname="org.example.TestSuite"/>
  <system-out/>
  <testcase name="toVerifyUserShouldBeAbleToRegisterSuccessfully" time="15.568" classname="org.example.TestSuite"/>
  <system-out/>
  <testcase name="toVerifyUserShouldBeAbleToPostNewCommentOnNewsDetailPage" time="12.027" classname="org.example.TestSuite"/>
  <system-out/>
</testsuite> <!-- org.example.TestSuite -->
